{"/var/www/html/react/s01/e16/challenge/Spe-React-E16-oRecipes-Nina-petit/src/data.js": {"path":"/var/www/html/react/s01/e16/challenge/Spe-React-E16-oRecipes-Nina-petit/src/data.js","statementMap":{},"fnMap":{},"branchMap":{},"s":{},"f":{},"b":{},"_coverageSchema":"1a1c01bbd47fc00a2c39e90264f33305004495a9","hash":"c91cda8c7bde65dbb5adfb26d1a2bcb92baf07b3"}
,"/var/www/html/react/s01/e16/challenge/Spe-React-E16-oRecipes-Nina-petit/src/fizzbuzz.js": {"path":"/var/www/html/react/s01/e16/challenge/Spe-React-E16-oRecipes-Nina-petit/src/fizzbuzz.js","statementMap":{"0":{"start":{"line":3,"column":17},"end":{"line":33,"column":1}},"1":{"start":{"line":11,"column":18},"end":{"line":11,"column":20}},"2":{"start":{"line":13,"column":2},"end":{"line":27,"column":3}},"3":{"start":{"line":13,"column":15},"end":{"line":13,"column":16}},"4":{"start":{"line":14,"column":4},"end":{"line":26,"column":5}},"5":{"start":{"line":16,"column":6},"end":{"line":16,"column":31}},"6":{"start":{"line":18,"column":9},"end":{"line":26,"column":5}},"7":{"start":{"line":19,"column":6},"end":{"line":19,"column":27}},"8":{"start":{"line":21,"column":9},"end":{"line":26,"column":5}},"9":{"start":{"line":22,"column":6},"end":{"line":22,"column":27}},"10":{"start":{"line":25,"column":6},"end":{"line":25,"column":22}},"11":{"start":{"line":32,"column":2},"end":{"line":32,"column":28}}},"fnMap":{"0":{"name":"(anonymous_0)","decl":{"start":{"line":3,"column":17},"end":{"line":3,"column":18}},"loc":{"start":{"line":3,"column":29},"end":{"line":33,"column":1}},"line":3}},"branchMap":{"0":{"loc":{"start":{"line":14,"column":4},"end":{"line":26,"column":5}},"type":"if","locations":[{"start":{"line":14,"column":4},"end":{"line":26,"column":5}},{"start":{"line":14,"column":4},"end":{"line":26,"column":5}}],"line":14},"1":{"loc":{"start":{"line":18,"column":9},"end":{"line":26,"column":5}},"type":"if","locations":[{"start":{"line":18,"column":9},"end":{"line":26,"column":5}},{"start":{"line":18,"column":9},"end":{"line":26,"column":5}}],"line":18},"2":{"loc":{"start":{"line":21,"column":9},"end":{"line":26,"column":5}},"type":"if","locations":[{"start":{"line":21,"column":9},"end":{"line":26,"column":5}},{"start":{"line":21,"column":9},"end":{"line":26,"column":5}}],"line":21}},"s":{"0":1,"1":4,"2":4,"3":4,"4":31,"5":1,"6":30,"7":8,"8":22,"9":4,"10":18,"11":4},"f":{"0":4},"b":{"0":[1,30],"1":[8,22],"2":[4,18]},"_coverageSchema":"1a1c01bbd47fc00a2c39e90264f33305004495a9","hash":"96dfd028a2170fb13bd4fafb35655350af13b5df"}
,"/var/www/html/react/s01/e16/challenge/Spe-React-E16-oRecipes-Nina-petit/src/actions/recipes.js": {"path":"/var/www/html/react/s01/e16/challenge/Spe-React-E16-oRecipes-Nina-petit/src/actions/recipes.js","statementMap":{"0":{"start":{"line":1,"column":27},"end":{"line":1,"column":40}},"1":{"start":{"line":2,"column":35},"end":{"line":2,"column":56}},"2":{"start":{"line":4,"column":26},"end":{"line":6,"column":2}},"3":{"start":{"line":4,"column":33},"end":{"line":6,"column":1}},"4":{"start":{"line":8,"column":33},"end":{"line":13,"column":1}},"5":{"start":{"line":9,"column":2},"end":{"line":12,"column":3}}},"fnMap":{"0":{"name":"(anonymous_0)","decl":{"start":{"line":4,"column":26},"end":{"line":4,"column":27}},"loc":{"start":{"line":4,"column":33},"end":{"line":6,"column":1}},"line":4},"1":{"name":"(anonymous_1)","decl":{"start":{"line":8,"column":33},"end":{"line":8,"column":34}},"loc":{"start":{"line":9,"column":2},"end":{"line":12,"column":3}},"line":9}},"branchMap":{},"s":{"0":1,"1":1,"2":1,"3":1,"4":1,"5":1},"f":{"0":1,"1":1},"b":{},"_coverageSchema":"1a1c01bbd47fc00a2c39e90264f33305004495a9","hash":"1cc870ec0891459253ece12bb42daecf70ffe471"}
,"/var/www/html/react/s01/e16/challenge/Spe-React-E16-oRecipes-Nina-petit/src/components/Card/index.js": {"path":"/var/www/html/react/s01/e16/challenge/Spe-React-E16-oRecipes-Nina-petit/src/components/Card/index.js","statementMap":{"0":{"start":{"line":7,"column":13},"end":{"line":21,"column":1}},"1":{"start":{"line":13,"column":2},"end":{"line":20,"column":12}},"2":{"start":{"line":23,"column":0},"end":{"line":28,"column":2}}},"fnMap":{"0":{"name":"(anonymous_0)","decl":{"start":{"line":7,"column":13},"end":{"line":7,"column":14}},"loc":{"start":{"line":13,"column":2},"end":{"line":20,"column":12}},"line":13}},"branchMap":{},"s":{"0":1,"1":0,"2":1},"f":{"0":0},"b":{},"_coverageSchema":"1a1c01bbd47fc00a2c39e90264f33305004495a9","hash":"d7b678b20e06dc2fdb5e8477c81a5ea481f0fcbb"}
,"/var/www/html/react/s01/e16/challenge/Spe-React-E16-oRecipes-Nina-petit/src/components/Content/index.js": {"path":"/var/www/html/react/s01/e16/challenge/Spe-React-E16-oRecipes-Nina-petit/src/components/Content/index.js","statementMap":{"0":{"start":{"line":8,"column":16},"end":{"line":20,"column":1}},"1":{"start":{"line":9,"column":2},"end":{"line":19,"column":12}},"2":{"start":{"line":15,"column":10},"end":{"line":15,"column":46}},"3":{"start":{"line":22,"column":0},"end":{"line":30,"column":2}},"4":{"start":{"line":32,"column":0},"end":{"line":34,"column":2}}},"fnMap":{"0":{"name":"(anonymous_0)","decl":{"start":{"line":8,"column":16},"end":{"line":8,"column":17}},"loc":{"start":{"line":9,"column":2},"end":{"line":19,"column":12}},"line":9},"1":{"name":"(anonymous_1)","decl":{"start":{"line":14,"column":21},"end":{"line":14,"column":22}},"loc":{"start":{"line":15,"column":10},"end":{"line":15,"column":46}},"line":15}},"branchMap":{"0":{"loc":{"start":{"line":12,"column":5},"end":{"line":18,"column":5}},"type":"binary-expr","locations":[{"start":{"line":12,"column":5},"end":{"line":12,"column":12}},{"start":{"line":13,"column":6},"end":{"line":17,"column":12}}],"line":12}},"s":{"0":1,"1":2,"2":2,"3":1,"4":1},"f":{"0":2,"1":2},"b":{"0":[2,1]},"_coverageSchema":"1a1c01bbd47fc00a2c39e90264f33305004495a9","hash":"8dbb417d4161a305ca0dfbccd394699b55e97483"}
,"/var/www/html/react/s01/e16/challenge/Spe-React-E16-oRecipes-Nina-petit/src/reducers/recipes.js": {"path":"/var/www/html/react/s01/e16/challenge/Spe-React-E16-oRecipes-Nina-petit/src/reducers/recipes.js","statementMap":{"0":{"start":{"line":3,"column":28},"end":{"line":6,"column":1}},"1":{"start":{"line":8,"column":16},"end":{"line":26,"column":1}},"2":{"start":{"line":9,"column":2},"end":{"line":25,"column":3}},"3":{"start":{"line":11,"column":6},"end":{"line":14,"column":8}},"4":{"start":{"line":16,"column":6},"end":{"line":22,"column":8}},"5":{"start":{"line":24,"column":6},"end":{"line":24,"column":19}}},"fnMap":{"0":{"name":"(anonymous_0)","decl":{"start":{"line":8,"column":16},"end":{"line":8,"column":17}},"loc":{"start":{"line":8,"column":55},"end":{"line":26,"column":1}},"line":8}},"branchMap":{"0":{"loc":{"start":{"line":8,"column":17},"end":{"line":8,"column":37}},"type":"default-arg","locations":[{"start":{"line":8,"column":25},"end":{"line":8,"column":37}}],"line":8},"1":{"loc":{"start":{"line":8,"column":39},"end":{"line":8,"column":50}},"type":"default-arg","locations":[{"start":{"line":8,"column":48},"end":{"line":8,"column":50}}],"line":8},"2":{"loc":{"start":{"line":9,"column":2},"end":{"line":25,"column":3}},"type":"switch","locations":[{"start":{"line":10,"column":4},"end":{"line":14,"column":8}},{"start":{"line":15,"column":4},"end":{"line":22,"column":8}},{"start":{"line":23,"column":4},"end":{"line":24,"column":19}}],"line":9}},"s":{"0":1,"1":1,"2":6,"3":1,"4":1,"5":4},"f":{"0":6},"b":{"0":[4],"1":[4],"2":[1,1,4]},"_coverageSchema":"1a1c01bbd47fc00a2c39e90264f33305004495a9","hash":"468a022ead4f1ae54cf4a820d19229fc30fd7863"}
,"/var/www/html/react/s01/e16/challenge/Spe-React-E16-oRecipes-Nina-petit/src/selectors/recipes.js": {"path":"/var/www/html/react/s01/e16/challenge/Spe-React-E16-oRecipes-Nina-petit/src/selectors/recipes.js","statementMap":{"0":{"start":{"line":11,"column":17},"end":{"line":13,"column":4}},"1":{"start":{"line":12,"column":4},"end":{"line":12,"column":46}},"2":{"start":{"line":14,"column":2},"end":{"line":14,"column":16}},"3":{"start":{"line":18,"column":2},"end":{"line":20,"column":3}},"4":{"start":{"line":19,"column":4},"end":{"line":19,"column":50}},"5":{"start":{"line":21,"column":2},"end":{"line":23,"column":3}},"6":{"start":{"line":22,"column":4},"end":{"line":22,"column":50}},"7":{"start":{"line":24,"column":2},"end":{"line":26,"column":3}},"8":{"start":{"line":25,"column":4},"end":{"line":25,"column":37}},"9":{"start":{"line":27,"column":2},"end":{"line":27,"column":34}}},"fnMap":{"0":{"name":"findRecipe","decl":{"start":{"line":10,"column":16},"end":{"line":10,"column":26}},"loc":{"start":{"line":10,"column":50},"end":{"line":15,"column":1}},"line":10},"1":{"name":"(anonymous_1)","decl":{"start":{"line":11,"column":30},"end":{"line":11,"column":31}},"loc":{"start":{"line":11,"column":48},"end":{"line":13,"column":3}},"line":11},"2":{"name":"getTitleByRecipesNumber","decl":{"start":{"line":17,"column":16},"end":{"line":17,"column":39}},"loc":{"start":{"line":17,"column":47},"end":{"line":28,"column":1}},"line":17}},"branchMap":{"0":{"loc":{"start":{"line":18,"column":2},"end":{"line":20,"column":3}},"type":"if","locations":[{"start":{"line":18,"column":2},"end":{"line":20,"column":3}},{"start":{"line":18,"column":2},"end":{"line":20,"column":3}}],"line":18},"1":{"loc":{"start":{"line":21,"column":2},"end":{"line":23,"column":3}},"type":"if","locations":[{"start":{"line":21,"column":2},"end":{"line":23,"column":3}},{"start":{"line":21,"column":2},"end":{"line":23,"column":3}}],"line":21},"2":{"loc":{"start":{"line":24,"column":2},"end":{"line":26,"column":3}},"type":"if","locations":[{"start":{"line":24,"column":2},"end":{"line":26,"column":3}},{"start":{"line":24,"column":2},"end":{"line":26,"column":3}}],"line":24}},"s":{"0":0,"1":0,"2":0,"3":4,"4":1,"5":3,"6":1,"7":2,"8":1,"9":1},"f":{"0":0,"1":0,"2":4},"b":{"0":[1,3],"1":[1,2],"2":[1,1]},"_coverageSchema":"1a1c01bbd47fc00a2c39e90264f33305004495a9","hash":"28289c7842a7df8710bc3cd9b44628d29f4431f5"}
}
