TN:
SF:src/data.js
FNF:0
FNH:0
LF:0
LH:0
BRF:0
BRH:0
end_of_record
TN:
SF:src/fizzbuzz.js
FN:3,(anonymous_0)
FNF:1
FNH:1
FNDA:4,(anonymous_0)
DA:3,1
DA:11,4
DA:13,4
DA:14,31
DA:16,1
DA:18,30
DA:19,8
DA:21,22
DA:22,4
DA:25,18
DA:32,4
LF:11
LH:11
BRDA:14,0,0,1
BRDA:14,0,1,30
BRDA:18,1,0,8
BRDA:18,1,1,22
BRDA:21,2,0,4
BRDA:21,2,1,18
BRF:6
BRH:6
end_of_record
TN:
SF:src/actions/recipes.js
FN:4,(anonymous_0)
FN:8,(anonymous_1)
FNF:2
FNH:2
FNDA:1,(anonymous_0)
FNDA:1,(anonymous_1)
DA:1,1
DA:2,1
DA:4,1
DA:8,1
DA:9,1
LF:5
LH:5
BRF:0
BRH:0
end_of_record
TN:
SF:src/components/Card/index.js
FN:7,(anonymous_0)
FNF:1
FNH:0
FNDA:0,(anonymous_0)
DA:7,1
DA:13,0
DA:23,1
LF:3
LH:2
BRF:0
BRH:0
end_of_record
TN:
SF:src/components/Content/index.js
FN:8,(anonymous_0)
FN:14,(anonymous_1)
FNF:2
FNH:2
FNDA:2,(anonymous_0)
FNDA:2,(anonymous_1)
DA:8,1
DA:9,2
DA:15,2
DA:22,1
DA:32,1
LF:5
LH:5
BRDA:12,0,0,2
BRDA:12,0,1,1
BRF:2
BRH:2
end_of_record
TN:
SF:src/reducers/recipes.js
FN:8,(anonymous_0)
FNF:1
FNH:1
FNDA:6,(anonymous_0)
DA:3,1
DA:8,1
DA:9,6
DA:11,1
DA:16,1
DA:24,4
LF:6
LH:6
BRDA:8,0,0,4
BRDA:8,1,0,4
BRDA:9,2,0,1
BRDA:9,2,1,1
BRDA:9,2,2,4
BRF:5
BRH:5
end_of_record
TN:
SF:src/selectors/recipes.js
FN:10,findRecipe
FN:11,(anonymous_1)
FN:17,getTitleByRecipesNumber
FNF:3
FNH:1
FNDA:0,findRecipe
FNDA:0,(anonymous_1)
FNDA:4,getTitleByRecipesNumber
DA:11,0
DA:12,0
DA:14,0
DA:18,4
DA:19,1
DA:21,3
DA:22,1
DA:24,2
DA:25,1
DA:27,1
LF:10
LH:7
BRDA:18,0,0,1
BRDA:18,0,1,3
BRDA:21,1,0,1
BRDA:21,1,1,2
BRDA:24,2,0,1
BRDA:24,2,1,1
BRF:6
BRH:6
end_of_record
